<?xml version="1.0" encoding="UTF-8"?>
<!-- Generated by org.testng.reporters.JUnitReportReporter -->
<testsuite name="com.inetBanking.testCases.TC_LoginTest_001" tests="1" time="7.140" ignored="0" failures="0" timestamp="03 May 2020 08:26:15 GMT" skipped="0" hostname="Narayan-PC" errors="0">
  <testcase name="loginTest" time="7.140" classname="com.inetBanking.testCases.TC_LoginTest_001"/>
</testsuite> <!-- com.inetBanking.testCases.TC_LoginTest_001 -->
